<?xml version="1.0" encoding="UTF-8"?>
<!-- Generated by org.testng.reporters.JUnitReportReporter -->
<testsuite hostname="LTIN274679" failures="0" tests="1" name="testcases.TC_005_allapps_and_tools" time="7.771" errors="0" timestamp="2024-02-14T02:34:48 IST" skipped="0">
  <testcase classname="testcases.TC_005_allapps_and_tools" name="apps_tools" time="7.771"/>
  <system-out/>
</testsuite> <!-- testcases.TC_005_allapps_and_tools -->
