<?xml version="1.0" encoding="UTF-8"?>
<!-- Generated by org.testng.reporters.JUnitReportReporter -->
<testsuite hostname="LTIN274679" failures="0" tests="1" name="testBase.TC001" time="0.344" errors="0" timestamp="2024-02-05T11:57:10 IST" skipped="0">
  <testcase classname="testBase.TC001" name="Verify_account_details" time="0.344"/>
  <system-out/>
</testsuite> <!-- testBase.TC001 -->
