<?xml version="1.0" encoding="UTF-8"?>
<!-- Generated by org.testng.reporters.JUnitReportReporter -->
<testsuite hostname="LTIN274679" failures="0" tests="1" name="testcases.TC_0003_AllappsTools" time="23.915" errors="0" timestamp="2024-02-08T14:55:33 IST" skipped="0">
  <testcase classname="testcases.TC_0003_AllappsTools" name="apps_tools" time="23.915"/>
  <system-out/>
</testsuite> <!-- testcases.TC_0003_AllappsTools -->
