<?xml version="1.0" encoding="UTF-8"?>
<!-- Generated by org.testng.reporters.JUnitReportReporter -->
<testsuite hostname="LTIN274679" failures="0" tests="4" name="testcases.TC_Combined" time="127.189" errors="0" timestamp="2024-02-14T01:17:37 IST" skipped="0">
  <testcase classname="testcases.TC_Combined" name="Verify_account_details" time="1.263"/>
  <system-out/>
  <testcase classname="testcases.TC_Combined" name="news_details" time="4.712"/>
  <system-out/>
  <testcase classname="testcases.TC_Combined" name="clicking_news" time="119.544"/>
  <system-out/>
  <testcase classname="testcases.TC_Combined" name="apps_tools" time="1.670"/>
  <system-out/>
</testsuite> <!-- testcases.TC_Combined -->
