<?xml version="1.0" encoding="UTF-8"?>
<!-- Generated by org.testng.reporters.JUnitReportReporter -->
<testsuite hostname="LTIN274679" failures="0" tests="1" name="testcases.TC_001" time="89.273" errors="0" timestamp="2024-02-08T01:46:36 IST" skipped="0">
  <testcase classname="testcases.TC_001" name="Verify_account_details" time="89.273"/>
  <system-out/>
</testsuite> <!-- testcases.TC_001 -->
