<?xml version="1.0" encoding="UTF-8"?>
<!-- Generated by org.testng.reporters.JUnitReportReporter -->
<testsuite hostname="LTIN274679" failures="0" tests="1" name="testcases.TC_001_VerifyUserDetail" time="7.452" errors="0" timestamp="2024-02-14T02:34:48 IST" skipped="0">
  <testcase classname="testcases.TC_001_VerifyUserDetail" name="Verify_account_details" time="7.452"/>
  <system-out/>
</testsuite> <!-- testcases.TC_001_VerifyUserDetail -->
