<?xml version="1.0" encoding="UTF-8"?>
<!-- Generated by org.testng.reporters.JUnitReportReporter -->
<testsuite hostname="LTIN274679" failures="0" tests="1" name="testcases.TC_002_newsAndCount" time="7.996" errors="0" timestamp="2024-02-14T02:44:09 IST" skipped="0">
  <testcase classname="testcases.TC_002_newsAndCount" name="news_details" time="7.996"/>
</testsuite> <!-- testcases.TC_002_newsAndCount -->
