<?xml version="1.0" encoding="UTF-8"?>
<!-- Generated by org.testng.reporters.JUnitReportReporter -->
<testsuite hostname="LTIN274679" failures="0" tests="1" name="testcases.TC_001" time="16.756" errors="0" timestamp="2024-02-07T10:41:45 IST" skipped="0">
  <testcase classname="testcases.TC_001" name="Verify_account_details" time="16.756"/>
</testsuite> <!-- testcases.TC_001 -->
