<?xml version="1.0" encoding="UTF-8"?>
<!-- Generated by org.testng.reporters.JUnitReportReporter -->
<testsuite hostname="PAVAN09FA" failures="0" tests="1" name="testCases.TC_001_AccountRegistrationTest" time="5.698" errors="0" timestamp="2023-12-06T07:03:57 IST" skipped="0">
  <testcase classname="testCases.TC_001_AccountRegistrationTest" name="verify_account_registration" time="5.698"/>
</testsuite> <!-- testCases.TC_001_AccountRegistrationTest -->
