<?xml version="1.0" encoding="UTF-8"?>
<!-- Generated by org.testng.reporters.JUnitReportReporter -->
<testsuite hostname="PAVAN09FA" failures="0" tests="1" name="testCases.TC_006_EndToEndTest" time="43.917" errors="0" timestamp="2023-12-06T07:03:57 IST" skipped="0">
  <testcase classname="testCases.TC_006_EndToEndTest" name="endToendTest" time="43.917"/>
</testsuite> <!-- testCases.TC_006_EndToEndTest -->
